<?xml version="1.0" encoding="UTF-8"?>
<!-- Generated by org.testng.reporters.JUnitReportReporter -->
<testsuite skipped="0" hostname="Supreeth-PC" name="com.api.assignment.TestMoviesUpcoming" tests="6" failures="0" timestamp="02 Jun 2020 18:56:38 GMT" time="4.564" errors="0">
  <testcase name="writeMovieNamesToExcelSheet" time="1.348" classname="com.api.assignment.TestMoviesUpcoming"/>
  <testcase name="validateStatusCode" time="0.006" classname="com.api.assignment.TestMoviesUpcoming"/>
  <testcase name="validateMovieLanguage" time="3.069" classname="com.api.assignment.TestMoviesUpcoming"/>
  <testcase name="validateMovieReleaseDate" time="0.070" classname="com.api.assignment.TestMoviesUpcoming"/>
  <testcase name="validateMovieURL" time="0.041" classname="com.api.assignment.TestMoviesUpcoming"/>
  <testcase name="validateMoviePromoCodeIsUnique" time="0.030" classname="com.api.assignment.TestMoviesUpcoming"/>
</testsuite> <!-- com.api.assignment.TestMoviesUpcoming -->
